<?xml version="1.0" encoding="UTF-8"?>
<testng-results ignored="0" total="2" passed="2" failed="0" skipped="0">
  <reporter-output>
  </reporter-output>
  <suite started-at="2022-10-16T21:16:11 MSK" name="Task 12" finished-at="2022-10-16T21:16:55 MSK" duration-ms="44306">
    <groups>
    </groups>
    <test started-at="2022-10-16T21:16:11 MSK" name="Sort numbers" finished-at="2022-10-16T21:16:32 MSK" duration-ms="21475">
      <class name="task_12.task12_1Test">
        <test-method is-config="true" signature="preconditions()[pri:0, instance:task_12.task12_1Test@1f6d27cc]" started-at="2022-10-16T21:16:11 MSK" name="preconditions" finished-at="2022-10-16T21:16:15 MSK" duration-ms="4161" status="PASS">
          <reporter-output>
          </reporter-output>
        </test-method> <!-- preconditions -->
        <test-method signature="test()[pri:0, instance:task_12.task12_1Test@1f6d27cc]" started-at="2022-10-16T21:16:15 MSK" name="test" finished-at="2022-10-16T21:16:15 MSK" duration-ms="92" status="PASS">
          <reporter-output>
          </reporter-output>
        </test-method> <!-- test -->
        <test-method is-config="true" signature="postconditions()[pri:0, instance:task_12.task12_1Test@1f6d27cc]" started-at="2022-10-16T21:16:16 MSK" name="postconditions" finished-at="2022-10-16T21:16:32 MSK" duration-ms="16756" status="PASS">
          <reporter-output>
          </reporter-output>
        </test-method> <!-- postconditions -->
      </class> <!-- task_12.task12_1Test -->
    </test> <!-- Sort numbers -->
    <test started-at="2022-10-16T21:16:33 MSK" name="Email transformation " finished-at="2022-10-16T21:16:55 MSK" duration-ms="22519">
      <class name="task_12.task12_2Test">
        <test-method is-config="true" signature="preconditions()[pri:0, instance:task_12.task12_2Test@11e33bac]" started-at="2022-10-16T21:16:33 MSK" name="preconditions" finished-at="2022-10-16T21:16:34 MSK" duration-ms="1148" status="PASS">
          <reporter-output>
          </reporter-output>
        </test-method> <!-- preconditions -->
        <test-method signature="emailTransformationTest()[pri:0, instance:task_12.task12_2Test@11e33bac]" started-at="2022-10-16T21:16:34 MSK" name="emailTransformationTest" finished-at="2022-10-16T21:16:38 MSK" duration-ms="4666" status="PASS">
          <reporter-output>
          </reporter-output>
        </test-method> <!-- emailTransformationTest -->
        <test-method is-config="true" signature="postconditions()[pri:0, instance:task_12.task12_2Test@11e33bac]" started-at="2022-10-16T21:16:38 MSK" name="postconditions" finished-at="2022-10-16T21:16:55 MSK" duration-ms="16698" status="PASS">
          <reporter-output>
          </reporter-output>
        </test-method> <!-- postconditions -->
      </class> <!-- task_12.task12_2Test -->
    </test> <!-- Email transformation  -->
  </suite> <!-- Task 12 -->
</testng-results>
