<?xml version="1.0" encoding="UTF-8"?>
<testng-results ignored="0" total="11" passed="11" failed="0" skipped="0">
  <reporter-output>
    <line>
      <![CDATA[Cool, this test passed => addItemToCartTest]]>
    </line>
    <line>
      <![CDATA[Cool, this test passed => addItemToCartTest]]>
    </line>
    <line>
      <![CDATA[Cool, this test passed => loginTest1]]>
    </line>
    <line>
      <![CDATA[Cool, this test passed => addItemToCartTest]]>
    </line>
    <line>
      <![CDATA[Cool, this test passed => addItemToCartTest]]>
    </line>
    <line>
      <![CDATA[Cool, this test passed => loginTest2]]>
    </line>
    <line>
      <![CDATA[Cool, this test passed => deleteItemsFromCartTest]]>
    </line>
    <line>
      <![CDATA[Cool, this test passed => addItemToCartTest]]>
    </line>
    <line>
      <![CDATA[Cool, this test passed => loginTest2]]>
    </line>
    <line>
      <![CDATA[Cool, this test passed => loginTest2]]>
    </line>
    <line>
      <![CDATA[Cool, this test passed => addItemToCartTest]]>
    </line>
  </reporter-output>
  <suite started-at="2022-10-04T16:58:08 MSK" name="task 9" finished-at="2022-10-04T16:58:37 MSK" duration-ms="28785">
    <groups>
    </groups>
    <test started-at="2022-10-04T16:58:08 MSK" name="task 9 cart test 1.1" finished-at="2022-10-04T16:58:20 MSK" duration-ms="11886">
      <class name="task_9.task9_2Test">
        <test-method is-config="true" signature="preconditions()[pri:0, instance:task_9.task9_2Test@3b90a30a]" started-at="2022-10-04T16:58:08 MSK" name="preconditions" finished-at="2022-10-04T16:58:16 MSK" duration-ms="7676" status="PASS">
          <reporter-output>
          </reporter-output>
        </test-method> <!-- preconditions -->
        <test-method is-config="true" signature="precondition(java.lang.String)[pri:0, instance:task_9.task9_2Test@3b90a30a]" started-at="2022-10-04T16:58:16 MSK" name="precondition" finished-at="2022-10-04T16:58:18 MSK" duration-ms="1817" status="PASS">
          <params>
            <param index="0">
              <value>
                <![CDATA[https://www.saucedemo.com/]]>
              </value>
            </param>
          </params>
          <reporter-output>
          </reporter-output>
        </test-method> <!-- precondition -->
        <test-method signature="addItemToCartTest()[pri:1, instance:task_9.task9_2Test@3b90a30a]" started-at="2022-10-04T16:58:18 MSK" name="addItemToCartTest" finished-at="2022-10-04T16:58:18 MSK" duration-ms="157" status="PASS">
          <reporter-output>
            <line>
              <![CDATA[Cool, this test passed => addItemToCartTest]]>
            </line>
          </reporter-output>
        </test-method> <!-- addItemToCartTest -->
        <test-method signature="addItemToCartTest()[pri:1, instance:task_9.task9_2Test@3b90a30a]" started-at="2022-10-04T16:58:18 MSK" name="addItemToCartTest" finished-at="2022-10-04T16:58:18 MSK" duration-ms="550" status="PASS">
          <reporter-output>
            <line>
              <![CDATA[Cool, this test passed => addItemToCartTest]]>
            </line>
          </reporter-output>
        </test-method> <!-- addItemToCartTest -->
        <test-method signature="addItemToCartTest()[pri:1, instance:task_9.task9_2Test@3b90a30a]" started-at="2022-10-04T16:58:18 MSK" name="addItemToCartTest" finished-at="2022-10-04T16:58:18 MSK" duration-ms="95" status="PASS">
          <reporter-output>
            <line>
              <![CDATA[Cool, this test passed => addItemToCartTest]]>
            </line>
          </reporter-output>
        </test-method> <!-- addItemToCartTest -->
        <test-method signature="deleteItemsFromCartTest()[pri:2, instance:task_9.task9_2Test@3b90a30a]" started-at="2022-10-04T16:58:18 MSK" name="deleteItemsFromCartTest" finished-at="2022-10-04T16:58:19 MSK" depends-on-methods="task_9.task9_2Test.addItemToCartTest" duration-ms="437" status="PASS">
          <reporter-output>
            <line>
              <![CDATA[Cool, this test passed => deleteItemsFromCartTest]]>
            </line>
          </reporter-output>
        </test-method> <!-- deleteItemsFromCartTest -->
        <test-method is-config="true" signature="postconditions()[pri:0, instance:task_9.task9_2Test@3b90a30a]" started-at="2022-10-04T16:58:19 MSK" name="postconditions" finished-at="2022-10-04T16:58:20 MSK" duration-ms="820" status="PASS">
          <reporter-output>
          </reporter-output>
        </test-method> <!-- postconditions -->
      </class> <!-- task_9.task9_2Test -->
    </test> <!-- task 9 cart test 1.1 -->
    <test started-at="2022-10-04T16:58:08 MSK" name="task 9 cart test 1.2" finished-at="2022-10-04T16:58:21 MSK" duration-ms="12965">
      <class name="task_9.task9_3Test">
        <test-method is-config="true" signature="preconditions()[pri:0, instance:task_9.task9_3Test@56681eaf]" started-at="2022-10-04T16:58:08 MSK" name="preconditions" finished-at="2022-10-04T16:58:16 MSK" duration-ms="7470" status="PASS">
          <reporter-output>
          </reporter-output>
        </test-method> <!-- preconditions -->
        <test-method is-config="true" signature="preconditions(java.lang.String)[pri:0, instance:task_9.task9_3Test@56681eaf]" started-at="2022-10-04T16:58:16 MSK" name="preconditions" finished-at="2022-10-04T16:58:17 MSK" duration-ms="1684" status="PASS">
          <params>
            <param index="0">
              <value>
                <![CDATA[https://www.saucedemo.com/]]>
              </value>
            </param>
          </params>
          <reporter-output>
          </reporter-output>
        </test-method> <!-- preconditions -->
        <test-method signature="addItemToCartTest(java.lang.String,java.lang.String,java.lang.String)[pri:0, instance:task_9.task9_3Test@56681eaf]" started-at="2022-10-04T16:58:17 MSK" name="addItemToCartTest" data-provider="item data" finished-at="2022-10-04T16:58:18 MSK" duration-ms="610" status="PASS">
          <params>
            <param index="0">
              <value>
                <![CDATA[add-to-cart-sauce-labs-backpack]]>
              </value>
            </param>
            <param index="1">
              <value>
                <![CDATA[item_4_title_link]]>
              </value>
            </param>
            <param index="2">
              <value>
                <![CDATA[Sauce Labs Backpack]]>
              </value>
            </param>
          </params>
          <reporter-output>
            <line>
              <![CDATA[Cool, this test passed => addItemToCartTest]]>
            </line>
          </reporter-output>
        </test-method> <!-- addItemToCartTest -->
        <test-method is-config="true" signature="preconditions(java.lang.String)[pri:0, instance:task_9.task9_3Test@56681eaf]" started-at="2022-10-04T16:58:18 MSK" name="preconditions" finished-at="2022-10-04T16:58:19 MSK" duration-ms="773" status="PASS">
          <params>
            <param index="0">
              <value>
                <![CDATA[https://www.saucedemo.com/]]>
              </value>
            </param>
          </params>
          <reporter-output>
          </reporter-output>
        </test-method> <!-- preconditions -->
        <test-method signature="addItemToCartTest(java.lang.String,java.lang.String,java.lang.String)[pri:0, instance:task_9.task9_3Test@56681eaf]" started-at="2022-10-04T16:58:19 MSK" name="addItemToCartTest" data-provider="item data" finished-at="2022-10-04T16:58:19 MSK" duration-ms="347" status="PASS">
          <params>
            <param index="0">
              <value>
                <![CDATA[add-to-cart-sauce-labs-bike-light]]>
              </value>
            </param>
            <param index="1">
              <value>
                <![CDATA[item_0_title_link]]>
              </value>
            </param>
            <param index="2">
              <value>
                <![CDATA[Sauce Labs Bike Light]]>
              </value>
            </param>
          </params>
          <reporter-output>
            <line>
              <![CDATA[Cool, this test passed => addItemToCartTest]]>
            </line>
          </reporter-output>
        </test-method> <!-- addItemToCartTest -->
        <test-method is-config="true" signature="preconditions(java.lang.String)[pri:0, instance:task_9.task9_3Test@56681eaf]" started-at="2022-10-04T16:58:19 MSK" name="preconditions" finished-at="2022-10-04T16:58:20 MSK" duration-ms="477" status="PASS">
          <params>
            <param index="0">
              <value>
                <![CDATA[https://www.saucedemo.com/]]>
              </value>
            </param>
          </params>
          <reporter-output>
          </reporter-output>
        </test-method> <!-- preconditions -->
        <test-method signature="addItemToCartTest(java.lang.String,java.lang.String,java.lang.String)[pri:0, instance:task_9.task9_3Test@56681eaf]" started-at="2022-10-04T16:58:20 MSK" name="addItemToCartTest" data-provider="item data" finished-at="2022-10-04T16:58:20 MSK" duration-ms="332" status="PASS">
          <params>
            <param index="0">
              <value>
                <![CDATA[add-to-cart-sauce-labs-bolt-t-shirt]]>
              </value>
            </param>
            <param index="1">
              <value>
                <![CDATA[item_1_title_link]]>
              </value>
            </param>
            <param index="2">
              <value>
                <![CDATA[Sauce Labs Bolt T-Shirt]]>
              </value>
            </param>
          </params>
          <reporter-output>
            <line>
              <![CDATA[Cool, this test passed => addItemToCartTest]]>
            </line>
          </reporter-output>
        </test-method> <!-- addItemToCartTest -->
        <test-method is-config="true" signature="postconditions()[pri:0, instance:task_9.task9_3Test@56681eaf]" started-at="2022-10-04T16:58:20 MSK" name="postconditions" finished-at="2022-10-04T16:58:21 MSK" duration-ms="872" status="PASS">
          <reporter-output>
          </reporter-output>
        </test-method> <!-- postconditions -->
      </class> <!-- task_9.task9_3Test -->
    </test> <!-- task 9 cart test 1.2 -->
    <test started-at="2022-10-04T16:58:08 MSK" name="task 9 login test" finished-at="2022-10-04T16:58:37 MSK" duration-ms="28785">
      <class name="task_9.task9_1Test">
        <test-method is-config="true" signature="preconditions()[pri:0, instance:task_9.task9_1Test@2f1ea80d]" started-at="2022-10-04T16:58:08 MSK" name="preconditions" finished-at="2022-10-04T16:58:16 MSK" duration-ms="7470" status="PASS">
          <reporter-output>
          </reporter-output>
        </test-method> <!-- preconditions -->
        <test-method is-config="true" signature="precondition(java.lang.String)[pri:0, instance:task_9.task9_1Test@2f1ea80d]" started-at="2022-10-04T16:58:16 MSK" name="precondition" finished-at="2022-10-04T16:58:16 MSK" duration-ms="769" status="PASS">
          <params>
            <param index="0">
              <value>
                <![CDATA[https://www.saucedemo.com/]]>
              </value>
            </param>
          </params>
          <reporter-output>
          </reporter-output>
        </test-method> <!-- precondition -->
        <test-method signature="loginTest1()[pri:1, instance:task_9.task9_1Test@2f1ea80d]" started-at="2022-10-04T16:58:17 MSK" name="loginTest1" finished-at="2022-10-04T16:58:18 MSK" duration-ms="1302" status="PASS">
          <reporter-output>
            <line>
              <![CDATA[Cool, this test passed => loginTest1]]>
            </line>
          </reporter-output>
        </test-method> <!-- loginTest1 -->
        <test-method is-config="true" signature="precondition(java.lang.String)[pri:0, instance:task_9.task9_1Test@2f1ea80d]" started-at="2022-10-04T16:58:18 MSK" name="precondition" finished-at="2022-10-04T16:58:18 MSK" duration-ms="280" status="PASS">
          <params>
            <param index="0">
              <value>
                <![CDATA[https://www.saucedemo.com/]]>
              </value>
            </param>
          </params>
          <reporter-output>
          </reporter-output>
        </test-method> <!-- precondition -->
        <test-method signature="loginTest2(java.lang.String,java.lang.String)[pri:2, instance:task_9.task9_1Test@2f1ea80d]" started-at="2022-10-04T16:58:18 MSK" name="loginTest2" data-provider="login data" finished-at="2022-10-04T16:58:19 MSK" duration-ms="458" status="PASS">
          <params>
            <param index="0">
              <value>
                <![CDATA[standard_user]]>
              </value>
            </param>
            <param index="1">
              <value>
                <![CDATA[1234567]]>
              </value>
            </param>
          </params>
          <reporter-output>
            <line>
              <![CDATA[Cool, this test passed => loginTest2]]>
            </line>
          </reporter-output>
        </test-method> <!-- loginTest2 -->
        <test-method is-config="true" signature="precondition(java.lang.String)[pri:0, instance:task_9.task9_1Test@2f1ea80d]" started-at="2022-10-04T16:58:19 MSK" name="precondition" finished-at="2022-10-04T16:58:19 MSK" duration-ms="151" status="PASS">
          <params>
            <param index="0">
              <value>
                <![CDATA[https://www.saucedemo.com/]]>
              </value>
            </param>
          </params>
          <reporter-output>
          </reporter-output>
        </test-method> <!-- precondition -->
        <test-method signature="loginTest2(java.lang.String,java.lang.String)[pri:2, instance:task_9.task9_1Test@2f1ea80d]" started-at="2022-10-04T16:58:19 MSK" name="loginTest2" data-provider="login data" finished-at="2022-10-04T16:58:19 MSK" duration-ms="481" status="PASS">
          <params>
            <param index="0">
              <value>
                <![CDATA[user]]>
              </value>
            </param>
            <param index="1">
              <value>
                <![CDATA[secret_sauce]]>
              </value>
            </param>
          </params>
          <reporter-output>
            <line>
              <![CDATA[Cool, this test passed => loginTest2]]>
            </line>
          </reporter-output>
        </test-method> <!-- loginTest2 -->
        <test-method is-config="true" signature="precondition(java.lang.String)[pri:0, instance:task_9.task9_1Test@2f1ea80d]" started-at="2022-10-04T16:58:19 MSK" name="precondition" finished-at="2022-10-04T16:58:19 MSK" duration-ms="85" status="PASS">
          <params>
            <param index="0">
              <value>
                <![CDATA[https://www.saucedemo.com/]]>
              </value>
            </param>
          </params>
          <reporter-output>
          </reporter-output>
        </test-method> <!-- precondition -->
        <test-method signature="loginTest2(java.lang.String,java.lang.String)[pri:2, instance:task_9.task9_1Test@2f1ea80d]" started-at="2022-10-04T16:58:19 MSK" name="loginTest2" data-provider="login data" finished-at="2022-10-04T16:58:20 MSK" duration-ms="372" status="PASS">
          <params>
            <param index="0">
              <value>
                <![CDATA[user_wrong]]>
              </value>
            </param>
            <param index="1">
              <value>
                <![CDATA[password_wrong]]>
              </value>
            </param>
          </params>
          <reporter-output>
            <line>
              <![CDATA[Cool, this test passed => loginTest2]]>
            </line>
          </reporter-output>
        </test-method> <!-- loginTest2 -->
        <test-method is-config="true" signature="postconditions()[pri:0, instance:task_9.task9_1Test@2f1ea80d]" started-at="2022-10-04T16:58:20 MSK" name="postconditions" finished-at="2022-10-04T16:58:37 MSK" duration-ms="16752" status="PASS">
          <reporter-output>
          </reporter-output>
        </test-method> <!-- postconditions -->
      </class> <!-- task_9.task9_1Test -->
    </test> <!-- task 9 login test -->
  </suite> <!-- task 9 -->
</testng-results>
