<?xml version="1.0" encoding="UTF-8"?>
<testsuite xmlns:xsi="http://www.w3.org/2001/XMLSchema-instance" xsi:noNamespaceSchemaLocation="https://maven.apache.org/surefire/maven-surefire-plugin/xsd/surefire-test-report-3.0.xsd" version="3.0" name="TestSuite" time="30.563" tests="11" errors="0" skipped="0" failures="0">
  <properties>
[...]
</properties>
  <testcase name="addItemToCartTest" classname="task_9.task9_2Test" time="0.2">
    <system-out><![CDATA[I started new webDriver!
I started new webDriver!
I started new webDriver!
I enter :: [Ljava.lang.CharSequence;@58a5f314, by locator :: By.id: user-name
I enter :: [Ljava.lang.CharSequence;@17be45f3, by locator :: By.id: user-name
I enter :: [Ljava.lang.CharSequence;@3ee98388, by locator :: By.id: user-name
I enter :: [Ljava.lang.CharSequence;@28c58fc8, by locator :: By.id: password
I'm click by :: By.id: login-button
I enter :: [Ljava.lang.CharSequence;@eb1bed7, by locator :: By.id: password
I enter :: [Ljava.lang.CharSequence;@733a4544, by locator :: By.id: password
I'm click by :: By.id: login-button
I'm click by :: By.id: login-button
I'm click by :: By.id: add-to-cart-sauce-labs-backpack
I'm click by :: By.xpath: (//button[text()='Add to cart'])[1]
I'm click by :: By.id: shopping_cart_container
]]></system-out>
    <system-err><![CDATA[SLF4J: Failed to load class "org.slf4j.impl.StaticLoggerBinder".
SLF4J: Defaulting to no-operation (NOP) logger implementation
SLF4J: See http://www.slf4j.org/codes.html#StaticLoggerBinder for further details.
SSttaarrttiinngg  CChhrroommeeDDrriivveerr  110066..00..5522494.96.1 6(15 1(157151573555538454598554c4d935e52c6d437e7296ba4f707d9db3a8f201d2d3a842d102-ar4edf0s-/rberfasn/cbhr-ahnecadsh/-5h2e4a9d@s{/#5526499}@{#)56 9o}n )p oorn tp o5r6t 8506068
7Only 
lOoncally  clooncnaelc ctoinonnesc tairoen s aalrleo waeldl.ow
ePd.le
Palseea ssee es ehet httptsp:s/://c/hcrhormoemderdirivveerr..cchhrroommiiuumm..oorrgg/s/ecsuercituyr-ictoyn-sciodnersaitdieonrsat ifoorn ss ufgogre stsiuogngse sotn ikoeenpsi nogn C hkerepoimneSgtD Crahirrvtoeimrne gDs raCihfverero. ms
eaDfrei.v
er 106.0.5249.61 (511755355844955cd3e264779baf0dd38212a4d0-refs/branch-heads/5249@{#569}) on port 55624
Only locCalh rcoomnenDercitvieorn sw aasre  satllaorwteedd. s
uPclceeasssfeu lsleye. ht
Cthprs:om//ecDhrriovmeerd rwiavse rs.tcahrrtoemdi usmu.cocregs/sfsuelcluyr.it
y-considerations for suggestions on keeping ChromeDriver safe.
ChromeDriver was started successfully.
окт. 04, 2022 4:58:15 PM org.openqa.selenium.remote.ProtocolHandshake createSession
INFO: Detected upstream dialect: W3C
окт. 04, 2022 4:58:15 PM org.openqa.selenium.remote.ProtocolHandshake createSession
INFO: Detected upstream dialect: W3C
окт. 04, 2022 4:58:16 PM org.openqa.selenium.devtools.CdpVersionFinder findNearestMatch
WARNING: Unable to find an exact match for CDP version 106, so returning the closest version found: 104
окт. 04, 2022 4:58:16 PM org.openqa.selenium.devtools.CdpVersionFinder findNearestMatch
WARNING: Unable to find an exact match for CDP version 106, so returning the closest version found: 104
окт. 04, 2022 4:58:16 PM org.openqa.selenium.devtools.CdpVersionFinder findNearestMatch
INFO: Found CDP implementation for version 106 of 104
окт. 04, 2022 4:58:16 PM org.openqa.selenium.devtools.CdpVersionFinder findNearestMatch
INFO: Found CDP implementation for version 106 of 104
окт. 04, 2022 4:58:16 PM org.openqa.selenium.remote.ProtocolHandshake createSession
INFO: Detected upstream dialect: W3C
окт. 04, 2022 4:58:16 PM org.openqa.selenium.devtools.CdpVersionFinder findNearestMatch
WARNING: Unable to find an exact match for CDP version 106, so returning the closest version found: 104
окт. 04, 2022 4:58:16 PM org.openqa.selenium.devtools.CdpVersionFinder findNearestMatch
INFO: Found CDP implementation for version 106 of 104
]]></system-err>
  </testcase>
  <testcase name="addItemToCartTest" classname="task_9.task9_2Test" time="0.052">
    <system-out><![CDATA[I enter :: [Ljava.lang.CharSequence;@e3f1795, by locator :: By.id: user-name
I enter :: [Ljava.lang.CharSequence;@3245fa2f, by locator :: By.id: user-name
]]></system-out>
  </testcase>
  <testcase name="addItemToCartTest" classname="task_9.task9_2Test" time="0.098">
    <system-out><![CDATA[I'm click by :: By.xpath: (//button[text()='Add to cart'])[1]
]]></system-out>
  </testcase>
  <testcase name="deleteItemsFromCartTest" classname="task_9.task9_2Test" time="0.141">
    <system-out><![CDATA[I'm click by :: By.id: add-to-cart-sauce-labs-bike-light
]]></system-out>
  </testcase>
  <testcase name="addItemToCartTest[add-to-cart-sauce-labs-backpack, item_4_title_link, Sauce Labs Backpack](1)" classname="task_9.task9_3Test" time="0.165">
    <system-out><![CDATA[I'm click by :: By.xpath: (//button[text()='Add to cart'])[1]
]]></system-out>
  </testcase>
  <testcase name="addItemToCartTest[add-to-cart-sauce-labs-bike-light, item_0_title_link, Sauce Labs Bike Light](2)" classname="task_9.task9_3Test" time="0.189">
    <system-out><![CDATA[I closed webDriver!
I enter :: [Ljava.lang.CharSequence;@4a4f6000, by locator :: By.id: user-name
I'm click by :: By.id: shopping_cart_container
]]></system-out>
  </testcase>
  <testcase name="addItemToCartTest[add-to-cart-sauce-labs-bolt-t-shirt, item_1_title_link, Sauce Labs Bolt T-Shirt](3)" classname="task_9.task9_3Test" time="0.337">
    <system-out><![CDATA[I closed webDriver!
]]></system-out>
  </testcase>
  <testcase name="loginTest1" classname="task_9.task9_1Test" time="0.209"/>
  <testcase name="loginTest2[standard_user, 1234567](1)" classname="task_9.task9_1Test" time="0.01">
    <system-out><![CDATA[I enter :: [Ljava.lang.CharSequence;@5db10ec0, by locator :: By.id: password
I enter :: [Ljava.lang.CharSequence;@71aff418, by locator :: By.id: password
I'm click by :: By.xpath: (//button[text()='Remove'])[1]
I'm click by :: By.id: login-button
I'm click by :: By.id: login-button
I'm click by :: By.xpath: (//button[text()='Remove'])[1]
I'm click by :: By.xpath: (//button[text()='Remove'])[1]
]]></system-out>
  </testcase>
  <testcase name="loginTest2[user, secret_sauce](2)" classname="task_9.task9_1Test" time="0.483">
    <system-out><![CDATA[I enter :: [Ljava.lang.CharSequence;@6edf399e, by locator :: By.id: password
I enter :: [Ljava.lang.CharSequence;@501e43ba, by locator :: By.id: user-name
I'm click by :: By.id: login-button
I enter :: [Ljava.lang.CharSequence;@19288687, by locator :: By.id: password
]]></system-out>
  </testcase>
  <testcase name="loginTest2[user_wrong, password_wrong](3)" classname="task_9.task9_1Test" time="0.275">
    <system-out><![CDATA[I'm click by :: By.id: login-button
I enter :: [Ljava.lang.CharSequence;@4702bda2, by locator :: By.id: user-name
I enter :: [Ljava.lang.CharSequence;@47a87747, by locator :: By.id: password
I'm click by :: By.id: add-to-cart-sauce-labs-bolt-t-shirt
I'm click by :: By.id: login-button
I'm click by :: By.id: shopping_cart_container
]]></system-out>
  </testcase>
</testsuite>