<?xml version="1.0" encoding="UTF-8"?>
<!-- Generated by org.testng.reporters.JUnitXMLReporter -->
<testsuite ignored="0" hostname="ASUS" failures="0" tests="4" name="task 9 login test" time="28.785" errors="0" timestamp="2022-10-04T16:58:37 MSK">
  <testcase classname="task_9.task9_1Test" name="loginTest1" time="1.302"/>
  <testcase classname="task_9.task9_1Test" name="loginTest2" time="0.458"/>
  <testcase classname="task_9.task9_1Test" name="loginTest2" time="0.481"/>
  <testcase classname="task_9.task9_1Test" name="loginTest2" time="0.372"/>
</testsuite> <!-- task 9 login test -->
