<?xml version="1.0" encoding="UTF-8"?>
<!-- Generated by org.testng.reporters.JUnitXMLReporter -->
<testsuite ignored="0" hostname="ASUS" failures="0" tests="3" name="task 9 cart test 1.2" time="12.965" errors="0" timestamp="2022-10-04T16:58:21 MSK">
  <testcase classname="task_9.task9_3Test" name="addItemToCartTest" time="0.61"/>
  <testcase classname="task_9.task9_3Test" name="addItemToCartTest" time="0.347"/>
  <testcase classname="task_9.task9_3Test" name="addItemToCartTest" time="0.332"/>
</testsuite> <!-- task 9 cart test 1.2 -->
