<?xml version="1.0" encoding="UTF-8"?>
<!-- Generated by org.testng.reporters.JUnitXMLReporter -->
<testsuite ignored="0" hostname="ASUS" failures="0" tests="4" name="task 9 cart test 1.1" time="11.886" errors="0" timestamp="2022-10-04T16:58:20 MSK">
  <testcase classname="task_9.task9_2Test" name="addItemToCartTest" time="0.157"/>
  <testcase classname="task_9.task9_2Test" name="addItemToCartTest" time="0.55"/>
  <testcase classname="task_9.task9_2Test" name="addItemToCartTest" time="0.095"/>
  <testcase classname="task_9.task9_2Test" name="deleteItemsFromCartTest" time="0.437"/>
</testsuite> <!-- task 9 cart test 1.1 -->
